{"C:\\Users\\Sahil Verma\\OneDrive\\Desktop\\AFSD Web Backend\\Chat_Application\\config\\db.js": {"path":"C:\\Users\\Sahil Verma\\OneDrive\\Desktop\\AFSD Web Backend\\Chat_Application\\config\\db.js","statementMap":{"0":{"start":{"line":1,"column":17},"end":{"line":1,"column":30}},"1":{"start":{"line":3,"column":13},"end":{"line":9,"column":2}},"2":{"start":{"line":11,"column":0},"end":{"line":11,"column":22}}},"fnMap":{},"branchMap":{},"s":{"0":2,"1":2,"2":2},"f":{},"b":{},"_coverageSchema":"1a1c01bbd47fc00a2c39e90264f33305004495a9","hash":"4d1df375fd83436a603e92b3ec306ba7776f8516"}
,"C:\\Users\\Sahil Verma\\OneDrive\\Desktop\\AFSD Web Backend\\Chat_Application\\config\\kafka.js": {"path":"C:\\Users\\Sahil Verma\\OneDrive\\Desktop\\AFSD Web Backend\\Chat_Application\\config\\kafka.js","statementMap":{"0":{"start":{"line":1,"column":18},"end":{"line":1,"column":36}},"1":{"start":{"line":3,"column":14},"end":{"line":6,"column":2}},"2":{"start":{"line":8,"column":17},"end":{"line":8,"column":33}},"3":{"start":{"line":11,"column":2},"end":{"line":11,"column":27}},"4":{"start":{"line":12,"column":2},"end":{"line":12,"column":43}},"5":{"start":{"line":16,"column":2},"end":{"line":24,"column":3}},"6":{"start":{"line":17,"column":4},"end":{"line":20,"column":7}},"7":{"start":{"line":21,"column":4},"end":{"line":21,"column":50}},"8":{"start":{"line":23,"column":4},"end":{"line":23,"column":56}},"9":{"start":{"line":27,"column":0},"end":{"line":27,"column":50}}},"fnMap":{"0":{"name":"connectKafka","decl":{"start":{"line":10,"column":15},"end":{"line":10,"column":27}},"loc":{"start":{"line":10,"column":30},"end":{"line":13,"column":1}},"line":10},"1":{"name":"publishToKafka","decl":{"start":{"line":15,"column":15},"end":{"line":15,"column":29}},"loc":{"start":{"line":15,"column":39},"end":{"line":25,"column":1}},"line":15}},"branchMap":{},"s":{"0":1,"1":1,"2":1,"3":0,"4":0,"5":1,"6":1,"7":0,"8":1,"9":1},"f":{"0":0,"1":1},"b":{},"_coverageSchema":"1a1c01bbd47fc00a2c39e90264f33305004495a9","hash":"4a6b07e92437ab41586437b67b37eaeb7f4331c7"}
,"C:\\Users\\Sahil Verma\\OneDrive\\Desktop\\AFSD Web Backend\\Chat_Application\\controllers\\authController.js": {"path":"C:\\Users\\Sahil Verma\\OneDrive\\Desktop\\AFSD Web Backend\\Chat_Application\\controllers\\authController.js","statementMap":{"0":{"start":{"line":1,"column":14},"end":{"line":1,"column":30}},"1":{"start":{"line":2,"column":13},"end":{"line":2,"column":36}},"2":{"start":{"line":3,"column":15},"end":{"line":3,"column":32}},"3":{"start":{"line":4,"column":16},"end":{"line":4,"column":34}},"4":{"start":{"line":5,"column":12},"end":{"line":5,"column":35}},"5":{"start":{"line":7,"column":15},"end":{"line":7,"column":31}},"6":{"start":{"line":9,"column":20},"end":{"line":9,"column":40}},"7":{"start":{"line":11,"column":0},"end":{"line":13,"column":3}},"8":{"start":{"line":12,"column":2},"end":{"line":12,"column":53}},"9":{"start":{"line":15,"column":26},"end":{"line":24,"column":1}},"10":{"start":{"line":16,"column":24},"end":{"line":16,"column":26}},"11":{"start":{"line":17,"column":15},"end":{"line":17,"column":79}},"12":{"start":{"line":18,"column":18},"end":{"line":18,"column":20}},"13":{"start":{"line":19,"column":2},"end":{"line":22,"column":3}},"14":{"start":{"line":19,"column":15},"end":{"line":19,"column":16}},"15":{"start":{"line":20,"column":24},"end":{"line":20,"column":63}},"16":{"start":{"line":21,"column":4},"end":{"line":21,"column":42}},"17":{"start":{"line":23,"column":2},"end":{"line":23,"column":19}},"18":{"start":{"line":26,"column":0},"end":{"line":67,"column":3}},"19":{"start":{"line":27,"column":30},"end":{"line":27,"column":38}},"20":{"start":{"line":29,"column":2},"end":{"line":66,"column":3}},"21":{"start":{"line":30,"column":21},"end":{"line":30,"column":41}},"22":{"start":{"line":31,"column":19},"end":{"line":34,"column":5}},"23":{"start":{"line":35,"column":17},"end":{"line":35,"column":31}},"24":{"start":{"line":37,"column":4},"end":{"line":37,"column":23}},"25":{"start":{"line":39,"column":4},"end":{"line":41,"column":5}},"26":{"start":{"line":40,"column":6},"end":{"line":40,"column":74}},"27":{"start":{"line":43,"column":26},"end":{"line":43,"column":71}},"28":{"start":{"line":45,"column":4},"end":{"line":47,"column":5}},"29":{"start":{"line":46,"column":6},"end":{"line":46,"column":74}},"30":{"start":{"line":49,"column":4},"end":{"line":55,"column":7}},"31":{"start":{"line":50,"column":6},"end":{"line":54,"column":7}},"32":{"start":{"line":51,"column":8},"end":{"line":51,"column":61}},"33":{"start":{"line":53,"column":8},"end":{"line":53,"column":47}},"34":{"start":{"line":57,"column":22},"end":{"line":57,"column":41}},"35":{"start":{"line":58,"column":18},"end":{"line":60,"column":6}},"36":{"start":{"line":62,"column":4},"end":{"line":62,"column":72}},"37":{"start":{"line":64,"column":4},"end":{"line":64,"column":25}},"38":{"start":{"line":65,"column":4},"end":{"line":65,"column":61}},"39":{"start":{"line":69,"column":0},"end":{"line":93,"column":3}},"40":{"start":{"line":70,"column":40},"end":{"line":70,"column":48}},"41":{"start":{"line":72,"column":2},"end":{"line":76,"column":3}},"42":{"start":{"line":73,"column":4},"end":{"line":75,"column":69}},"43":{"start":{"line":78,"column":2},"end":{"line":92,"column":3}},"44":{"start":{"line":79,"column":27},"end":{"line":79,"column":58}},"45":{"start":{"line":81,"column":21},"end":{"line":81,"column":41}},"46":{"start":{"line":82,"column":19},"end":{"line":85,"column":5}},"47":{"start":{"line":86,"column":20},"end":{"line":86,"column":34}},"48":{"start":{"line":87,"column":4},"end":{"line":87,"column":23}},"49":{"start":{"line":88,"column":4},"end":{"line":88,"column":34}},"50":{"start":{"line":90,"column":4},"end":{"line":90,"column":25}},"51":{"start":{"line":91,"column":4},"end":{"line":91,"column":61}},"52":{"start":{"line":95,"column":0},"end":{"line":118,"column":3}},"53":{"start":{"line":96,"column":23},"end":{"line":96,"column":33}},"54":{"start":{"line":98,"column":2},"end":{"line":117,"column":3}},"55":{"start":{"line":99,"column":21},"end":{"line":99,"column":41}},"56":{"start":{"line":100,"column":19},"end":{"line":103,"column":5}},"57":{"start":{"line":104,"column":24},"end":{"line":104,"column":38}},"58":{"start":{"line":105,"column":4},"end":{"line":105,"column":23}},"59":{"start":{"line":107,"column":4},"end":{"line":113,"column":5}},"60":{"start":{"line":108,"column":6},"end":{"line":110,"column":75}},"61":{"start":{"line":112,"column":6},"end":{"line":112,"column":56}},"62":{"start":{"line":115,"column":4},"end":{"line":115,"column":25}},"63":{"start":{"line":116,"column":4},"end":{"line":116,"column":61}},"64":{"start":{"line":120,"column":0},"end":{"line":131,"column":3}},"65":{"start":{"line":121,"column":2},"end":{"line":130,"column":3}},"66":{"start":{"line":122,"column":21},"end":{"line":122,"column":41}},"67":{"start":{"line":123,"column":19},"end":{"line":123,"column":62}},"68":{"start":{"line":124,"column":18},"end":{"line":124,"column":29}},"69":{"start":{"line":125,"column":4},"end":{"line":125,"column":23}},"70":{"start":{"line":126,"column":4},"end":{"line":126,"column":32}},"71":{"start":{"line":128,"column":4},"end":{"line":128,"column":25}},"72":{"start":{"line":129,"column":4},"end":{"line":129,"column":61}},"73":{"start":{"line":133,"column":0},"end":{"line":133,"column":24}}},"fnMap":{"0":{"name":"(anonymous_0)","decl":{"start":{"line":11,"column":24},"end":{"line":11,"column":25}},"loc":{"start":{"line":11,"column":35},"end":{"line":13,"column":1}},"line":11},"1":{"name":"(anonymous_1)","decl":{"start":{"line":15,"column":26},"end":{"line":15,"column":27}},"loc":{"start":{"line":15,"column":32},"end":{"line":24,"column":1}},"line":15},"2":{"name":"(anonymous_2)","decl":{"start":{"line":26,"column":27},"end":{"line":26,"column":28}},"loc":{"start":{"line":26,"column":47},"end":{"line":67,"column":1}},"line":26},"3":{"name":"(anonymous_3)","decl":{"start":{"line":49,"column":36},"end":{"line":49,"column":37}},"loc":{"start":{"line":49,"column":54},"end":{"line":55,"column":5}},"line":49},"4":{"name":"(anonymous_4)","decl":{"start":{"line":69,"column":30},"end":{"line":69,"column":31}},"loc":{"start":{"line":69,"column":50},"end":{"line":93,"column":1}},"line":69},"5":{"name":"(anonymous_5)","decl":{"start":{"line":95,"column":33},"end":{"line":95,"column":34}},"loc":{"start":{"line":95,"column":53},"end":{"line":118,"column":1}},"line":95},"6":{"name":"(anonymous_6)","decl":{"start":{"line":120,"column":21},"end":{"line":120,"column":22}},"loc":{"start":{"line":120,"column":41},"end":{"line":131,"column":1}},"line":120}},"branchMap":{"0":{"loc":{"start":{"line":39,"column":4},"end":{"line":41,"column":5}},"type":"if","locations":[{"start":{"line":39,"column":4},"end":{"line":41,"column":5}},{"start":{},"end":{}}],"line":39},"1":{"loc":{"start":{"line":45,"column":4},"end":{"line":47,"column":5}},"type":"if","locations":[{"start":{"line":45,"column":4},"end":{"line":47,"column":5}},{"start":{},"end":{}}],"line":45},"2":{"loc":{"start":{"line":50,"column":6},"end":{"line":54,"column":7}},"type":"if","locations":[{"start":{"line":50,"column":6},"end":{"line":54,"column":7}},{"start":{"line":52,"column":13},"end":{"line":54,"column":7}}],"line":50},"3":{"loc":{"start":{"line":72,"column":2},"end":{"line":76,"column":3}},"type":"if","locations":[{"start":{"line":72,"column":2},"end":{"line":76,"column":3}},{"start":{},"end":{}}],"line":72},"4":{"loc":{"start":{"line":72,"column":6},"end":{"line":72,"column":38}},"type":"binary-expr","locations":[{"start":{"line":72,"column":6},"end":{"line":72,"column":15}},{"start":{"line":72,"column":19},"end":{"line":72,"column":25}},{"start":{"line":72,"column":29},"end":{"line":72,"column":38}}],"line":72},"5":{"loc":{"start":{"line":107,"column":4},"end":{"line":113,"column":5}},"type":"if","locations":[{"start":{"line":107,"column":4},"end":{"line":113,"column":5}},{"start":{"line":111,"column":11},"end":{"line":113,"column":5}}],"line":107}},"s":{"0":1,"1":1,"2":1,"3":1,"4":1,"5":1,"6":1,"7":1,"8":0,"9":1,"10":0,"11":0,"12":0,"13":0,"14":0,"15":0,"16":0,"17":0,"18":1,"19":0,"20":0,"21":0,"22":0,"23":0,"24":0,"25":0,"26":0,"27":0,"28":0,"29":0,"30":0,"31":0,"32":0,"33":0,"34":0,"35":0,"36":0,"37":0,"38":0,"39":1,"40":0,"41":0,"42":0,"43":0,"44":0,"45":0,"46":0,"47":0,"48":0,"49":0,"50":0,"51":0,"52":1,"53":0,"54":0,"55":0,"56":0,"57":0,"58":0,"59":0,"60":0,"61":0,"62":0,"63":0,"64":1,"65":0,"66":0,"67":0,"68":0,"69":0,"70":0,"71":0,"72":0,"73":1},"f":{"0":0,"1":0,"2":0,"3":0,"4":0,"5":0,"6":0},"b":{"0":[0,0],"1":[0,0],"2":[0,0],"3":[0,0],"4":[0,0,0],"5":[0,0]},"_coverageSchema":"1a1c01bbd47fc00a2c39e90264f33305004495a9","hash":"9d7f89fd43dca2d771badc6b9b8c2b4409330bfe"}
,"C:\\Users\\Sahil Verma\\OneDrive\\Desktop\\AFSD Web Backend\\Chat_Application\\controllers\\socketController.js": {"path":"C:\\Users\\Sahil Verma\\OneDrive\\Desktop\\AFSD Web Backend\\Chat_Application\\controllers\\socketController.js","statementMap":{"0":{"start":{"line":1,"column":18},"end":{"line":1,"column":31}},"1":{"start":{"line":2,"column":13},"end":{"line":2,"column":36}},"2":{"start":{"line":3,"column":27},"end":{"line":3,"column":53}},"3":{"start":{"line":5,"column":12},"end":{"line":5,"column":48}},"4":{"start":{"line":7,"column":0},"end":{"line":45,"column":3}},"5":{"start":{"line":8,"column":4},"end":{"line":8,"column":62}},"6":{"start":{"line":10,"column":4},"end":{"line":18,"column":7}},"7":{"start":{"line":11,"column":8},"end":{"line":17,"column":9}},"8":{"start":{"line":12,"column":12},"end":{"line":12,"column":73}},"9":{"start":{"line":14,"column":12},"end":{"line":16,"column":15}},"10":{"start":{"line":15,"column":16},"end":{"line":15,"column":37}},"11":{"start":{"line":20,"column":4},"end":{"line":40,"column":7}},"12":{"start":{"line":21,"column":8},"end":{"line":21,"column":45}},"13":{"start":{"line":23,"column":8},"end":{"line":27,"column":11}},"14":{"start":{"line":24,"column":12},"end":{"line":26,"column":13}},"15":{"start":{"line":25,"column":16},"end":{"line":25,"column":37}},"16":{"start":{"line":29,"column":8},"end":{"line":37,"column":9}},"17":{"start":{"line":30,"column":29},"end":{"line":30,"column":49}},"18":{"start":{"line":31,"column":27},"end":{"line":31,"column":116}},"19":{"start":{"line":32,"column":31},"end":{"line":32,"column":45}},"20":{"start":{"line":33,"column":12},"end":{"line":33,"column":31}},"21":{"start":{"line":34,"column":12},"end":{"line":34,"column":57}},"22":{"start":{"line":36,"column":12},"end":{"line":36,"column":61}},"23":{"start":{"line":39,"column":8},"end":{"line":39,"column":38}},"24":{"start":{"line":42,"column":4},"end":{"line":44,"column":7}},"25":{"start":{"line":43,"column":8},"end":{"line":43,"column":65}}},"fnMap":{"0":{"name":"connection","decl":{"start":{"line":7,"column":30},"end":{"line":7,"column":40}},"loc":{"start":{"line":7,"column":45},"end":{"line":45,"column":1}},"line":7},"1":{"name":"(anonymous_1)","decl":{"start":{"line":10,"column":47},"end":{"line":10,"column":48}},"loc":{"start":{"line":10,"column":64},"end":{"line":18,"column":5}},"line":10},"2":{"name":"(anonymous_2)","decl":{"start":{"line":14,"column":32},"end":{"line":14,"column":33}},"loc":{"start":{"line":14,"column":46},"end":{"line":16,"column":13}},"line":14},"3":{"name":"incoming","decl":{"start":{"line":20,"column":36},"end":{"line":20,"column":44}},"loc":{"start":{"line":20,"column":54},"end":{"line":40,"column":5}},"line":20},"4":{"name":"each","decl":{"start":{"line":23,"column":37},"end":{"line":23,"column":41}},"loc":{"start":{"line":23,"column":50},"end":{"line":27,"column":9}},"line":23},"5":{"name":"(anonymous_5)","decl":{"start":{"line":42,"column":19},"end":{"line":42,"column":20}},"loc":{"start":{"line":42,"column":25},"end":{"line":44,"column":5}},"line":42}},"branchMap":{"0":{"loc":{"start":{"line":11,"column":8},"end":{"line":17,"column":9}},"type":"if","locations":[{"start":{"line":11,"column":8},"end":{"line":17,"column":9}},{"start":{"line":13,"column":15},"end":{"line":17,"column":9}}],"line":11},"1":{"loc":{"start":{"line":24,"column":12},"end":{"line":26,"column":13}},"type":"if","locations":[{"start":{"line":24,"column":12},"end":{"line":26,"column":13}},{"start":{},"end":{}}],"line":24},"2":{"loc":{"start":{"line":24,"column":16},"end":{"line":24,"column":69}},"type":"binary-expr","locations":[{"start":{"line":24,"column":16},"end":{"line":24,"column":29}},{"start":{"line":24,"column":33},"end":{"line":24,"column":69}}],"line":24}},"s":{"0":1,"1":1,"2":1,"3":1,"4":1,"5":2,"6":2,"7":2,"8":0,"9":2,"10":30,"11":2,"12":1,"13":1,"14":2,"15":1,"16":1,"17":1,"18":1,"19":1,"20":1,"21":1,"22":0,"23":1,"24":2,"25":0},"f":{"0":2,"1":2,"2":30,"3":1,"4":2,"5":0},"b":{"0":[0,2],"1":[1,1],"2":[2,1]},"_coverageSchema":"1a1c01bbd47fc00a2c39e90264f33305004495a9","hash":"988c43797ec4aef63811c2d7408fbd0ebec7ac5e"}
}
