TN:
SF:config\db.js
FNF:0
FNH:0
DA:1,2
DA:3,2
DA:11,2
LF:3
LH:3
BRF:0
BRH:0
end_of_record
TN:
SF:config\kafka.js
FN:10,connectKafka
FN:15,publishToKafka
FNF:2
FNH:1
FNDA:0,connectKafka
FNDA:1,publishToKafka
DA:1,1
DA:3,1
DA:8,1
DA:11,0
DA:12,0
DA:16,1
DA:17,1
DA:21,0
DA:23,1
DA:27,1
LF:10
LH:7
BRF:0
BRH:0
end_of_record
TN:
SF:controllers\authController.js
FN:11,(anonymous_0)
FN:15,(anonymous_1)
FN:26,(anonymous_2)
FN:49,(anonymous_3)
FN:69,(anonymous_4)
FN:95,(anonymous_5)
FN:120,(anonymous_6)
FNF:7
FNH:0
FNDA:0,(anonymous_0)
FNDA:0,(anonymous_1)
FNDA:0,(anonymous_2)
FNDA:0,(anonymous_3)
FNDA:0,(anonymous_4)
FNDA:0,(anonymous_5)
FNDA:0,(anonymous_6)
DA:1,1
DA:2,1
DA:3,1
DA:4,1
DA:5,1
DA:7,1
DA:9,1
DA:11,1
DA:12,0
DA:15,1
DA:16,0
DA:17,0
DA:18,0
DA:19,0
DA:20,0
DA:21,0
DA:23,0
DA:26,1
DA:27,0
DA:29,0
DA:30,0
DA:31,0
DA:35,0
DA:37,0
DA:39,0
DA:40,0
DA:43,0
DA:45,0
DA:46,0
DA:49,0
DA:50,0
DA:51,0
DA:53,0
DA:57,0
DA:58,0
DA:62,0
DA:64,0
DA:65,0
DA:69,1
DA:70,0
DA:72,0
DA:73,0
DA:78,0
DA:79,0
DA:81,0
DA:82,0
DA:86,0
DA:87,0
DA:88,0
DA:90,0
DA:91,0
DA:95,1
DA:96,0
DA:98,0
DA:99,0
DA:100,0
DA:104,0
DA:105,0
DA:107,0
DA:108,0
DA:112,0
DA:115,0
DA:116,0
DA:120,1
DA:121,0
DA:122,0
DA:123,0
DA:124,0
DA:125,0
DA:126,0
DA:128,0
DA:129,0
DA:133,1
LF:73
LH:14
BRDA:39,0,0,0
BRDA:39,0,1,0
BRDA:45,1,0,0
BRDA:45,1,1,0
BRDA:50,2,0,0
BRDA:50,2,1,0
BRDA:72,3,0,0
BRDA:72,3,1,0
BRDA:72,4,0,0
BRDA:72,4,1,0
BRDA:72,4,2,0
BRDA:107,5,0,0
BRDA:107,5,1,0
BRF:13
BRH:0
end_of_record
TN:
SF:controllers\socketController.js
FN:7,connection
FN:10,(anonymous_1)
FN:14,(anonymous_2)
FN:20,incoming
FN:23,each
FN:42,(anonymous_5)
FNF:6
FNH:5
FNDA:2,connection
FNDA:2,(anonymous_1)
FNDA:30,(anonymous_2)
FNDA:1,incoming
FNDA:2,each
FNDA:0,(anonymous_5)
DA:1,1
DA:2,1
DA:3,1
DA:5,1
DA:7,1
DA:8,2
DA:10,2
DA:11,2
DA:12,0
DA:14,2
DA:15,30
DA:20,2
DA:21,1
DA:23,1
DA:24,2
DA:25,1
DA:29,1
DA:30,1
DA:31,1
DA:32,1
DA:33,1
DA:34,1
DA:36,0
DA:39,1
DA:42,2
DA:43,0
LF:26
LH:23
BRDA:11,0,0,0
BRDA:11,0,1,2
BRDA:24,1,0,1
BRDA:24,1,1,1
BRDA:24,2,0,2
BRDA:24,2,1,1
BRF:6
BRH:5
end_of_record
